Determining if the function pthread_create exists in the pthreads failed with the following output:
Change Dir: /home/alatosze/ros_workspace/elektron_robot/elektron_base/build/CMakeFiles/CMakeTmp

Run Build Command:/usr/bin/make "cmTryCompileExec/fast"
make[1]: Wejście do katalogu `/home/alatosze/ros_workspace/elektron_robot/elektron_base/build/CMakeFiles/CMakeTmp'
make[1]: Uwaga: Plik `Makefile' ma czas modyfikacji 2,9e+04 s w przyszłości
/usr/bin/make -f CMakeFiles/cmTryCompileExec.dir/build.make CMakeFiles/cmTryCompileExec.dir/build
make[2]: Wejście do katalogu `/home/alatosze/ros_workspace/elektron_robot/elektron_base/build/CMakeFiles/CMakeTmp'
make[2]: Uwaga: Plik `CMakeFiles/cmTryCompileExec.dir/flags.make' ma czas modyfikacji 2,9e+04 s w przyszłości
/usr/bin/cmake -E cmake_progress_report /home/alatosze/ros_workspace/elektron_robot/elektron_base/build/CMakeFiles/CMakeTmp/CMakeFiles 1
Building C object CMakeFiles/cmTryCompileExec.dir/CheckFunctionExists.c.o
/usr/bin/gcc   -DCHECK_FUNCTION_EXISTS=pthread_create   -o CMakeFiles/cmTryCompileExec.dir/CheckFunctionExists.c.o   -c /usr/share/cmake-2.8/Modules/CheckFunctionExists.c
Linking C executable cmTryCompileExec
/usr/bin/cmake -E cmake_link_script CMakeFiles/cmTryCompileExec.dir/link.txt --verbose=1
/usr/bin/gcc     -DCHECK_FUNCTION_EXISTS=pthread_create    CMakeFiles/cmTryCompileExec.dir/CheckFunctionExists.c.o  -o cmTryCompileExec -rdynamic -lpthreads 
/usr/bin/ld: cannot find -lpthreads
collect2: ld returned 1 exit status
make[2]: *** [cmTryCompileExec] Błąd 1
make[2]: Opuszczenie katalogu `/home/alatosze/ros_workspace/elektron_robot/elektron_base/build/CMakeFiles/CMakeTmp'
make[1]: *** [cmTryCompileExec/fast] Błąd 2
make[1]: Opuszczenie katalogu `/home/alatosze/ros_workspace/elektron_robot/elektron_base/build/CMakeFiles/CMakeTmp'


